{"C:\\Projects\\posts\\Posts\\src\\server.ts": {"path":"C:\\Projects\\posts\\Posts\\src\\server.ts","statementMap":{"0":{"start":{"line":1,"column":0},"end":{"line":1,"column":40}},"1":{"start":{"line":2,"column":12},"end":{"line":2,"column":21}},"2":{"start":{"line":3,"column":0},"end":{"line":3,"column":27}},"3":{"start":{"line":4,"column":0},"end":{"line":4,"column":16}},"4":{"start":{"line":5,"column":0},"end":{"line":5,"column":32}},"5":{"start":{"line":6,"column":0},"end":{"line":6,"column":45}},"6":{"start":{"line":8,"column":0},"end":{"line":8,"column":37}},"7":{"start":{"line":10,"column":16},"end":{"line":32,"column":1}},"8":{"start":{"line":11,"column":4},"end":{"line":31,"column":null}},"9":{"start":{"line":11,"column":57},"end":{"line":31,"column":6}},"10":{"start":{"line":12,"column":19},"end":{"line":12,"column":38}},"11":{"start":{"line":13,"column":8},"end":{"line":13,"column":72}},"12":{"start":{"line":14,"column":8},"end":{"line":16,"column":null}},"13":{"start":{"line":15,"column":12},"end":{"line":15,"column":53}},"14":{"start":{"line":17,"column":8},"end":{"line":30,"column":8}},"15":{"start":{"line":18,"column":8},"end":{"line":18,"column":null}},"16":{"start":{"line":19,"column":8},"end":{"line":19,"column":17}},"17":{"start":{"line":21,"column":8},"end":{"line":29,"column":null}},"18":{"start":{"line":24,"column":12},"end":{"line":24,"column":39}},"19":{"start":{"line":25,"column":12},"end":{"line":25,"column":61}},"20":{"start":{"line":26,"column":12},"end":{"line":26,"column":null}},"21":{"start":{"line":28,"column":12},"end":{"line":28,"column":null}},"22":{"start":{"line":34,"column":0},"end":{"line":34,"column":null}}},"fnMap":{"0":{"name":"(anonymous_8)","decl":{"start":{"line":10,"column":16},"end":{"line":10,"column":19}},"loc":{"start":{"line":10,"column":21},"end":{"line":32,"column":1}}},"1":{"name":"(anonymous_9)","decl":{"start":{"line":11,"column":32},"end":{"line":11,"column":39}},"loc":{"start":{"line":11,"column":57},"end":{"line":31,"column":6}}},"2":{"name":"(anonymous_10)","decl":{"start":{"line":11,"column":57},"end":{"line":11,"column":null}},"loc":{"start":{"line":11,"column":57},"end":{"line":31,"column":5}}},"3":{"name":"(anonymous_11)","decl":{"start":{"line":14,"column":23},"end":{"line":14,"column":null}},"loc":{"start":{"line":14,"column":23},"end":{"line":16,"column":9}}},"4":{"name":"(anonymous_12)","decl":{"start":{"line":21,"column":54},"end":{"line":21,"column":56}},"loc":{"start":{"line":21,"column":58},"end":{"line":29,"column":9}}}},"branchMap":{"0":{"loc":{"start":{"line":17,"column":8},"end":{"line":30,"column":8}},"type":"if","locations":[{"start":{"line":17,"column":8},"end":{"line":30,"column":8}},{"start":{"line":20,"column":14},"end":{"line":30,"column":8}}]}},"s":{"0":1,"1":1,"2":1,"3":1,"4":1,"5":1,"6":1,"7":1,"8":1,"9":1,"10":1,"11":1,"12":1,"13":1,"14":1,"15":0,"16":0,"17":1,"18":1,"19":1,"20":1,"21":1,"22":1},"f":{"0":1,"1":1,"2":1,"3":1,"4":1},"b":{"0":[0,1]}}
,"C:\\Projects\\posts\\Posts\\src\\controllers\\post.ts": {"path":"C:\\Projects\\posts\\Posts\\src\\controllers\\post.ts","statementMap":{"0":{"start":{"line":2,"column":0},"end":{"line":2,"column":45}},"1":{"start":{"line":5,"column":17},"end":{"line":23,"column":2}},"2":{"start":{"line":5,"column":53},"end":{"line":23,"column":2}},"3":{"start":{"line":6,"column":22},"end":{"line":6,"column":31}},"4":{"start":{"line":7,"column":4},"end":{"line":7,"column":23}},"5":{"start":{"line":8,"column":4},"end":{"line":22,"column":5}},"6":{"start":{"line":9,"column":8},"end":{"line":17,"column":7}},"7":{"start":{"line":10,"column":30},"end":{"line":10,"column":74}},"8":{"start":{"line":11,"column":8},"end":{"line":11,"column":35}},"9":{"start":{"line":12,"column":8},"end":{"line":12,"column":32}},"10":{"start":{"line":14,"column":22},"end":{"line":14,"column":44}},"11":{"start":{"line":15,"column":8},"end":{"line":15,"column":27}},"12":{"start":{"line":16,"column":8},"end":{"line":16,"column":24}},"13":{"start":{"line":19,"column":8},"end":{"line":21,"column":9}},"14":{"start":{"line":20,"column":8},"end":{"line":20,"column":null}},"15":{"start":{"line":25,"column":20},"end":{"line":41,"column":2}},"16":{"start":{"line":25,"column":56},"end":{"line":41,"column":2}},"17":{"start":{"line":26,"column":15},"end":{"line":26,"column":28}},"18":{"start":{"line":27,"column":4},"end":{"line":27,"column":26}},"19":{"start":{"line":28,"column":4},"end":{"line":39,"column":5}},"20":{"start":{"line":29,"column":21},"end":{"line":29,"column":49}},"21":{"start":{"line":30,"column":8},"end":{"line":34,"column":9}},"22":{"start":{"line":31,"column":12},"end":{"line":31,"column":34}},"23":{"start":{"line":33,"column":12},"end":{"line":33,"column":58}},"24":{"start":{"line":36,"column":8},"end":{"line":38,"column":9}},"25":{"start":{"line":37,"column":8},"end":{"line":37,"column":49}},"26":{"start":{"line":43,"column":23},"end":{"line":60,"column":2}},"27":{"start":{"line":43,"column":59},"end":{"line":60,"column":2}},"28":{"start":{"line":44,"column":15},"end":{"line":44,"column":28}},"29":{"start":{"line":45,"column":4},"end":{"line":45,"column":26}},"30":{"start":{"line":46,"column":4},"end":{"line":59,"column":5}},"31":{"start":{"line":47,"column":21},"end":{"line":47,"column":49}},"32":{"start":{"line":48,"column":8},"end":{"line":54,"column":9}},"33":{"start":{"line":49,"column":12},"end":{"line":49,"column":44}},"34":{"start":{"line":50,"column":12},"end":{"line":50,"column":30}},"35":{"start":{"line":51,"column":12},"end":{"line":51,"column":46}},"36":{"start":{"line":53,"column":12},"end":{"line":53,"column":58}},"37":{"start":{"line":56,"column":8},"end":{"line":58,"column":9}},"38":{"start":{"line":57,"column":8},"end":{"line":57,"column":49}},"39":{"start":{"line":62,"column":19},"end":{"line":70,"column":2}},"40":{"start":{"line":62,"column":55},"end":{"line":70,"column":2}},"41":{"start":{"line":63,"column":4},"end":{"line":63,"column":26}},"42":{"start":{"line":64,"column":4},"end":{"line":69,"column":5}},"43":{"start":{"line":65,"column":21},"end":{"line":65,"column":53}},"44":{"start":{"line":66,"column":8},"end":{"line":66,"column":35}},"45":{"start":{"line":68,"column":8},"end":{"line":68,"column":34}},"46":{"start":{"line":72,"column":19},"end":{"line":80,"column":2}},"47":{"start":{"line":72,"column":55},"end":{"line":80,"column":2}},"48":{"start":{"line":73,"column":19},"end":{"line":73,"column":32}},"49":{"start":{"line":74,"column":4},"end":{"line":79,"column":5}},"50":{"start":{"line":75,"column":9},"end":{"line":75,"column":51}},"51":{"start":{"line":76,"column":8},"end":{"line":76,"column":31}},"52":{"start":{"line":78,"column":8},"end":{"line":78,"column":34}},"53":{"start":{"line":83,"column":0},"end":{"line":83,"column":null}}},"fnMap":{"0":{"name":"(anonymous_8)","decl":{"start":{"line":5,"column":17},"end":{"line":5,"column":24}},"loc":{"start":{"line":5,"column":53},"end":{"line":23,"column":2}}},"1":{"name":"(anonymous_9)","decl":{"start":{"line":5,"column":53},"end":{"line":5,"column":null}},"loc":{"start":{"line":5,"column":53},"end":{"line":23,"column":1}}},"2":{"name":"(anonymous_10)","decl":{"start":{"line":25,"column":20},"end":{"line":25,"column":27}},"loc":{"start":{"line":25,"column":56},"end":{"line":41,"column":2}}},"3":{"name":"(anonymous_11)","decl":{"start":{"line":25,"column":56},"end":{"line":25,"column":null}},"loc":{"start":{"line":25,"column":56},"end":{"line":41,"column":1}}},"4":{"name":"(anonymous_12)","decl":{"start":{"line":43,"column":23},"end":{"line":43,"column":30}},"loc":{"start":{"line":43,"column":59},"end":{"line":60,"column":2}}},"5":{"name":"(anonymous_13)","decl":{"start":{"line":43,"column":59},"end":{"line":43,"column":null}},"loc":{"start":{"line":43,"column":59},"end":{"line":60,"column":1}}},"6":{"name":"(anonymous_14)","decl":{"start":{"line":62,"column":19},"end":{"line":62,"column":26}},"loc":{"start":{"line":62,"column":55},"end":{"line":70,"column":2}}},"7":{"name":"(anonymous_15)","decl":{"start":{"line":62,"column":55},"end":{"line":62,"column":null}},"loc":{"start":{"line":62,"column":55},"end":{"line":70,"column":1}}},"8":{"name":"(anonymous_16)","decl":{"start":{"line":72,"column":19},"end":{"line":72,"column":26}},"loc":{"start":{"line":72,"column":55},"end":{"line":80,"column":2}}},"9":{"name":"(anonymous_17)","decl":{"start":{"line":72,"column":55},"end":{"line":72,"column":null}},"loc":{"start":{"line":72,"column":55},"end":{"line":80,"column":1}}}},"branchMap":{"0":{"loc":{"start":{"line":9,"column":8},"end":{"line":17,"column":7}},"type":"if","locations":[{"start":{"line":9,"column":8},"end":{"line":17,"column":7}},{"start":{"line":13,"column":13},"end":{"line":17,"column":7}}]},"1":{"loc":{"start":{"line":19,"column":8},"end":{"line":21,"column":9}},"type":"if","locations":[{"start":{"line":19,"column":8},"end":{"line":21,"column":9}}]},"2":{"loc":{"start":{"line":30,"column":8},"end":{"line":34,"column":9}},"type":"if","locations":[{"start":{"line":30,"column":8},"end":{"line":34,"column":9}},{"start":{"line":32,"column":15},"end":{"line":34,"column":9}}]},"3":{"loc":{"start":{"line":36,"column":8},"end":{"line":38,"column":9}},"type":"if","locations":[{"start":{"line":36,"column":8},"end":{"line":38,"column":9}}]},"4":{"loc":{"start":{"line":48,"column":8},"end":{"line":54,"column":9}},"type":"if","locations":[{"start":{"line":48,"column":8},"end":{"line":54,"column":9}},{"start":{"line":52,"column":15},"end":{"line":54,"column":9}}]},"5":{"loc":{"start":{"line":56,"column":8},"end":{"line":58,"column":9}},"type":"if","locations":[{"start":{"line":56,"column":8},"end":{"line":58,"column":9}}]}},"s":{"0":1,"1":1,"2":3,"3":3,"4":3,"5":3,"6":3,"7":1,"8":1,"9":1,"10":2,"11":2,"12":2,"13":0,"14":0,"15":1,"16":2,"17":2,"18":2,"19":2,"20":2,"21":2,"22":1,"23":1,"24":0,"25":0,"26":1,"27":0,"28":0,"29":0,"30":0,"31":0,"32":0,"33":0,"34":0,"35":0,"36":0,"37":0,"38":0,"39":1,"40":3,"41":3,"42":3,"43":3,"44":2,"45":1,"46":1,"47":1,"48":1,"49":1,"50":1,"51":1,"52":0,"53":1},"f":{"0":3,"1":3,"2":2,"3":2,"4":0,"5":0,"6":3,"7":3,"8":1,"9":1},"b":{"0":[1,2],"1":[0],"2":[1,1],"3":[0],"4":[0,0],"5":[0]}}
,"C:\\Projects\\posts\\Posts\\src\\models\\post_model.ts": {"path":"C:\\Projects\\posts\\Posts\\src\\models\\post_model.ts","statementMap":{"0":{"start":{"line":1,"column":0},"end":{"line":1,"column":32}},"1":{"start":{"line":2,"column":15},"end":{"line":2,"column":30}},"2":{"start":{"line":3,"column":19},"end":{"line":14,"column":2}},"3":{"start":{"line":16,"column":18},"end":{"line":16,"column":52}},"4":{"start":{"line":17,"column":0},"end":{"line":17,"column":null}}},"fnMap":{},"branchMap":{},"s":{"0":1,"1":1,"2":1,"3":1,"4":1},"f":{},"b":{}}
,"C:\\Projects\\posts\\Posts\\src\\routes\\post_routes.ts": {"path":"C:\\Projects\\posts\\Posts\\src\\routes\\post_routes.ts","statementMap":{"0":{"start":{"line":1,"column":0},"end":{"line":1,"column":30}},"1":{"start":{"line":2,"column":16},"end":{"line":2,"column":32}},"2":{"start":{"line":3,"column":0},"end":{"line":3,"column":39}},"3":{"start":{"line":5,"column":0},"end":{"line":7,"column":3}},"4":{"start":{"line":6,"column":4},"end":{"line":6,"column":null}},"5":{"start":{"line":8,"column":0},"end":{"line":8,"column":33}},"6":{"start":{"line":9,"column":0},"end":{"line":9,"column":30}},"7":{"start":{"line":10,"column":0},"end":{"line":12,"column":3}},"8":{"start":{"line":11,"column":4},"end":{"line":11,"column":null}},"9":{"start":{"line":13,"column":0},"end":{"line":13,"column":39}},"10":{"start":{"line":15,"column":0},"end":{"line":15,"column":22}}},"fnMap":{"0":{"name":"(anonymous_1)","decl":{"start":{"line":5,"column":18},"end":{"line":5,"column":19}},"loc":{"start":{"line":5,"column":30},"end":{"line":7,"column":1}}},"1":{"name":"(anonymous_2)","decl":{"start":{"line":10,"column":18},"end":{"line":10,"column":19}},"loc":{"start":{"line":10,"column":30},"end":{"line":12,"column":1}}}},"branchMap":{},"s":{"0":1,"1":1,"2":1,"3":1,"4":2,"5":1,"6":1,"7":1,"8":0,"9":1,"10":1},"f":{"0":2,"1":0},"b":{}}
}
