{"C:\\Projects\\posts\\Posts\\src\\server.ts": {"path":"C:\\Projects\\posts\\Posts\\src\\server.ts","statementMap":{"0":{"start":{"line":1,"column":0},"end":{"line":1,"column":40}},"1":{"start":{"line":2,"column":12},"end":{"line":2,"column":21}},"2":{"start":{"line":3,"column":0},"end":{"line":3,"column":27}},"3":{"start":{"line":4,"column":0},"end":{"line":4,"column":16}},"4":{"start":{"line":5,"column":0},"end":{"line":5,"column":32}},"5":{"start":{"line":6,"column":0},"end":{"line":6,"column":45}},"6":{"start":{"line":7,"column":0},"end":{"line":7,"column":51}},"7":{"start":{"line":9,"column":0},"end":{"line":9,"column":37}},"8":{"start":{"line":12,"column":0},"end":{"line":12,"column":27}},"9":{"start":{"line":13,"column":0},"end":{"line":13,"column":49}},"10":{"start":{"line":14,"column":0},"end":{"line":14,"column":null}},"11":{"start":{"line":15,"column":0},"end":{"line":15,"column":null}},"12":{"start":{"line":16,"column":11},"end":{"line":16,"column":30}},"13":{"start":{"line":17,"column":0},"end":{"line":17,"column":64}},"14":{"start":{"line":18,"column":0},"end":{"line":20,"column":null}},"15":{"start":{"line":19,"column":4},"end":{"line":19,"column":45}},"16":{"start":{"line":23,"column":16},"end":{"line":36,"column":1}},"17":{"start":{"line":24,"column":4},"end":{"line":35,"column":null}},"18":{"start":{"line":25,"column":8},"end":{"line":34,"column":8}},"19":{"start":{"line":26,"column":8},"end":{"line":26,"column":null}},"20":{"start":{"line":27,"column":8},"end":{"line":27,"column":57}},"21":{"start":{"line":29,"column":8},"end":{"line":33,"column":13}},"22":{"start":{"line":30,"column":12},"end":{"line":30,"column":null}},"23":{"start":{"line":32,"column":12},"end":{"line":32,"column":26}},"24":{"start":{"line":38,"column":0},"end":{"line":38,"column":null}}},"fnMap":{"0":{"name":"(anonymous_1)","decl":{"start":{"line":18,"column":15},"end":{"line":18,"column":null}},"loc":{"start":{"line":18,"column":15},"end":{"line":20,"column":1}}},"1":{"name":"(anonymous_2)","decl":{"start":{"line":23,"column":16},"end":{"line":23,"column":19}},"loc":{"start":{"line":23,"column":21},"end":{"line":36,"column":1}}},"2":{"name":"(anonymous_3)","decl":{"start":{"line":24,"column":33},"end":{"line":24,"column":34}},"loc":{"start":{"line":24,"column":52},"end":{"line":35,"column":5}}},"3":{"name":"(anonymous_4)","decl":{"start":{"line":29,"column":54},"end":{"line":29,"column":56}},"loc":{"start":{"line":29,"column":58},"end":{"line":31,"column":9}}},"4":{"name":"(anonymous_5)","decl":{"start":{"line":31,"column":17},"end":{"line":31,"column":18}},"loc":{"start":{"line":31,"column":27},"end":{"line":33,"column":11}}}},"branchMap":{"0":{"loc":{"start":{"line":25,"column":8},"end":{"line":34,"column":8}},"type":"if","locations":[{"start":{"line":25,"column":8},"end":{"line":34,"column":8}},{"start":{"line":28,"column":11},"end":{"line":34,"column":8}}]}},"s":{"0":2,"1":2,"2":2,"3":2,"4":2,"5":2,"6":2,"7":2,"8":2,"9":2,"10":2,"11":2,"12":2,"13":2,"14":2,"15":2,"16":2,"17":2,"18":2,"19":0,"20":0,"21":2,"22":2,"23":0,"24":2},"f":{"0":2,"1":2,"2":2,"3":2,"4":0},"b":{"0":[0,2]}}
,"C:\\Projects\\posts\\Posts\\src\\controllers\\base_controller.ts": {"path":"C:\\Projects\\posts\\Posts\\src\\controllers\\base_controller.ts","statementMap":{"0":{"start":{"line":9,"column":8},"end":{"line":9,"column":27}},"1":{"start":{"line":12,"column":22},"end":{"line":12,"column":31}},"2":{"start":{"line":13,"column":8},"end":{"line":13,"column":27}},"3":{"start":{"line":14,"column":8},"end":{"line":28,"column":9}},"4":{"start":{"line":15,"column":12},"end":{"line":23,"column":9}},"5":{"start":{"line":16,"column":34},"end":{"line":16,"column":79}},"6":{"start":{"line":17,"column":12},"end":{"line":17,"column":39}},"7":{"start":{"line":18,"column":12},"end":{"line":18,"column":36}},"8":{"start":{"line":20,"column":26},"end":{"line":20,"column":49}},"9":{"start":{"line":21,"column":12},"end":{"line":21,"column":31}},"10":{"start":{"line":22,"column":12},"end":{"line":22,"column":28}},"11":{"start":{"line":25,"column":12},"end":{"line":27,"column":13}},"12":{"start":{"line":26,"column":12},"end":{"line":26,"column":null}},"13":{"start":{"line":32,"column":19},"end":{"line":32,"column":32}},"14":{"start":{"line":33,"column":8},"end":{"line":33,"column":30}},"15":{"start":{"line":34,"column":8},"end":{"line":45,"column":9}},"16":{"start":{"line":35,"column":25},"end":{"line":35,"column":54}},"17":{"start":{"line":36,"column":12},"end":{"line":40,"column":13}},"18":{"start":{"line":37,"column":16},"end":{"line":37,"column":38}},"19":{"start":{"line":39,"column":16},"end":{"line":39,"column":62}},"20":{"start":{"line":42,"column":12},"end":{"line":44,"column":13}},"21":{"start":{"line":43,"column":12},"end":{"line":43,"column":53}},"22":{"start":{"line":50,"column":19},"end":{"line":50,"column":32}},"23":{"start":{"line":51,"column":8},"end":{"line":51,"column":30}},"24":{"start":{"line":52,"column":8},"end":{"line":66,"column":9}},"25":{"start":{"line":53,"column":25},"end":{"line":53,"column":54}},"26":{"start":{"line":54,"column":12},"end":{"line":61,"column":13}},"27":{"start":{"line":57,"column":16},"end":{"line":57,"column":34}},"28":{"start":{"line":58,"column":16},"end":{"line":58,"column":50}},"29":{"start":{"line":60,"column":16},"end":{"line":60,"column":62}},"30":{"start":{"line":63,"column":12},"end":{"line":65,"column":13}},"31":{"start":{"line":64,"column":12},"end":{"line":64,"column":53}},"32":{"start":{"line":70,"column":8},"end":{"line":70,"column":30}},"33":{"start":{"line":71,"column":8},"end":{"line":76,"column":9}},"34":{"start":{"line":72,"column":25},"end":{"line":72,"column":58}},"35":{"start":{"line":73,"column":12},"end":{"line":73,"column":39}},"36":{"start":{"line":75,"column":12},"end":{"line":75,"column":38}},"37":{"start":{"line":80,"column":19},"end":{"line":80,"column":32}},"38":{"start":{"line":81,"column":8},"end":{"line":81,"column":null}},"39":{"start":{"line":82,"column":8},"end":{"line":87,"column":9}},"40":{"start":{"line":83,"column":12},"end":{"line":83,"column":51}},"41":{"start":{"line":84,"column":12},"end":{"line":84,"column":35}},"42":{"start":{"line":86,"column":12},"end":{"line":86,"column":38}},"43":{"start":{"line":90,"column":25},"end":{"line":92,"column":1}},"44":{"start":{"line":91,"column":0},"end":{"line":91,"column":33}},"45":{"start":{"line":93,"column":0},"end":{"line":93,"column":null}}},"fnMap":{"0":{"name":"(anonymous_7)","decl":{"start":{"line":8,"column":4},"end":{"line":8,"column":16}},"loc":{"start":{"line":8,"column":26},"end":{"line":10,"column":5}}},"1":{"name":"(anonymous_8)","decl":{"start":{"line":11,"column":10},"end":{"line":11,"column":16}},"loc":{"start":{"line":11,"column":43},"end":{"line":29,"column":6}}},"2":{"name":"(anonymous_10)","decl":{"start":{"line":31,"column":10},"end":{"line":31,"column":17}},"loc":{"start":{"line":31,"column":44},"end":{"line":47,"column":6}}},"3":{"name":"(anonymous_12)","decl":{"start":{"line":49,"column":10},"end":{"line":49,"column":20}},"loc":{"start":{"line":49,"column":47},"end":{"line":67,"column":6}}},"4":{"name":"(anonymous_14)","decl":{"start":{"line":69,"column":10},"end":{"line":69,"column":16}},"loc":{"start":{"line":69,"column":42},"end":{"line":77,"column":6}}},"5":{"name":"(anonymous_16)","decl":{"start":{"line":79,"column":10},"end":{"line":79,"column":20}},"loc":{"start":{"line":79,"column":47},"end":{"line":88,"column":6}}},"6":{"name":"(anonymous_18)","decl":{"start":{"line":90,"column":25},"end":{"line":90,"column":29}},"loc":{"start":{"line":90,"column":46},"end":{"line":92,"column":1}}}},"branchMap":{"0":{"loc":{"start":{"line":15,"column":12},"end":{"line":23,"column":9}},"type":"if","locations":[{"start":{"line":15,"column":12},"end":{"line":23,"column":9}},{"start":{"line":19,"column":15},"end":{"line":23,"column":9}}]},"1":{"loc":{"start":{"line":25,"column":12},"end":{"line":27,"column":13}},"type":"if","locations":[{"start":{"line":25,"column":12},"end":{"line":27,"column":13}}]},"2":{"loc":{"start":{"line":36,"column":12},"end":{"line":40,"column":13}},"type":"if","locations":[{"start":{"line":36,"column":12},"end":{"line":40,"column":13}},{"start":{"line":38,"column":19},"end":{"line":40,"column":13}}]},"3":{"loc":{"start":{"line":42,"column":12},"end":{"line":44,"column":13}},"type":"if","locations":[{"start":{"line":42,"column":12},"end":{"line":44,"column":13}}]},"4":{"loc":{"start":{"line":54,"column":12},"end":{"line":61,"column":13}},"type":"if","locations":[{"start":{"line":54,"column":12},"end":{"line":61,"column":13}},{"start":{"line":59,"column":19},"end":{"line":61,"column":13}}]},"5":{"loc":{"start":{"line":63,"column":12},"end":{"line":65,"column":13}},"type":"if","locations":[{"start":{"line":63,"column":12},"end":{"line":65,"column":13}}]}},"s":{"0":4,"1":5,"2":5,"3":5,"4":5,"5":1,"6":1,"7":1,"8":4,"9":4,"10":4,"11":0,"12":0,"13":4,"14":4,"15":4,"16":4,"17":4,"18":2,"19":2,"20":0,"21":0,"22":0,"23":0,"24":0,"25":0,"26":0,"27":0,"28":0,"29":0,"30":0,"31":0,"32":5,"33":5,"34":5,"35":3,"36":2,"37":2,"38":2,"39":2,"40":2,"41":2,"42":0,"43":2,"44":4,"45":2},"f":{"0":4,"1":5,"2":4,"3":0,"4":5,"5":2,"6":4},"b":{"0":[1,4],"1":[0],"2":[2,2],"3":[0],"4":[0,0],"5":[0]}}
,"C:\\Projects\\posts\\Posts\\src\\controllers\\comment_controller.ts": {"path":"C:\\Projects\\posts\\Posts\\src\\controllers\\comment_controller.ts","statementMap":{"0":{"start":{"line":1,"column":0},"end":{"line":1,"column":62}},"1":{"start":{"line":2,"column":0},"end":{"line":2,"column":48}},"2":{"start":{"line":3,"column":26},"end":{"line":3,"column":66}},"3":{"start":{"line":5,"column":0},"end":{"line":5,"column":null}}},"fnMap":{},"branchMap":{},"s":{"0":2,"1":2,"2":2,"3":2},"f":{},"b":{}}
,"C:\\Projects\\posts\\Posts\\src\\controllers\\post_controller.ts": {"path":"C:\\Projects\\posts\\Posts\\src\\controllers\\post_controller.ts","statementMap":{"0":{"start":{"line":2,"column":0},"end":{"line":2,"column":53}},"1":{"start":{"line":4,"column":0},"end":{"line":4,"column":48}},"2":{"start":{"line":7,"column":23},"end":{"line":7,"column":57}},"3":{"start":{"line":9,"column":0},"end":{"line":9,"column":null}}},"fnMap":{},"branchMap":{},"s":{"0":2,"1":2,"2":2,"3":2},"f":{},"b":{}}
,"C:\\Projects\\posts\\Posts\\src\\models\\comment_model.ts": {"path":"C:\\Projects\\posts\\Posts\\src\\models\\comment_model.ts","statementMap":{"0":{"start":{"line":1,"column":0},"end":{"line":1,"column":32}},"1":{"start":{"line":2,"column":15},"end":{"line":2,"column":30}},"2":{"start":{"line":9,"column":22},"end":{"line":22,"column":4}},"3":{"start":{"line":25,"column":17},"end":{"line":25,"column":67}},"4":{"start":{"line":26,"column":0},"end":{"line":26,"column":24}}},"fnMap":{},"branchMap":{},"s":{"0":2,"1":2,"2":2,"3":2,"4":2},"f":{},"b":{}}
,"C:\\Projects\\posts\\Posts\\src\\models\\post_model.ts": {"path":"C:\\Projects\\posts\\Posts\\src\\models\\post_model.ts","statementMap":{"0":{"start":{"line":1,"column":0},"end":{"line":1,"column":32}},"1":{"start":{"line":10,"column":15},"end":{"line":10,"column":30}},"2":{"start":{"line":11,"column":19},"end":{"line":22,"column":2}},"3":{"start":{"line":24,"column":18},"end":{"line":24,"column":59}},"4":{"start":{"line":25,"column":0},"end":{"line":25,"column":null}}},"fnMap":{},"branchMap":{},"s":{"0":2,"1":2,"2":2,"3":2,"4":2},"f":{},"b":{}}
,"C:\\Projects\\posts\\Posts\\src\\routes\\comment_routes.ts": {"path":"C:\\Projects\\posts\\Posts\\src\\routes\\comment_routes.ts","statementMap":{"0":{"start":{"line":1,"column":0},"end":{"line":1,"column":30}},"1":{"start":{"line":2,"column":16},"end":{"line":2,"column":32}},"2":{"start":{"line":3,"column":0},"end":{"line":3,"column":66}},"3":{"start":{"line":5,"column":0},"end":{"line":5,"column":76}},"4":{"start":{"line":6,"column":0},"end":{"line":6,"column":66}},"5":{"start":{"line":7,"column":0},"end":{"line":7,"column":66}},"6":{"start":{"line":10,"column":0},"end":{"line":12,"column":3}},"7":{"start":{"line":11,"column":4},"end":{"line":11,"column":null}},"8":{"start":{"line":13,"column":0},"end":{"line":15,"column":3}},"9":{"start":{"line":14,"column":4},"end":{"line":14,"column":null}},"10":{"start":{"line":17,"column":0},"end":{"line":17,"column":22}}},"fnMap":{"0":{"name":"(anonymous_1)","decl":{"start":{"line":10,"column":18},"end":{"line":10,"column":19}},"loc":{"start":{"line":10,"column":30},"end":{"line":12,"column":1}}},"1":{"name":"(anonymous_2)","decl":{"start":{"line":13,"column":19},"end":{"line":13,"column":20}},"loc":{"start":{"line":13,"column":31},"end":{"line":15,"column":1}}}},"branchMap":{},"s":{"0":2,"1":2,"2":2,"3":2,"4":2,"5":2,"6":2,"7":2,"8":2,"9":0,"10":2},"f":{"0":2,"1":0},"b":{}}
,"C:\\Projects\\posts\\Posts\\src\\routes\\post_routes.ts": {"path":"C:\\Projects\\posts\\Posts\\src\\routes\\post_routes.ts","statementMap":{"0":{"start":{"line":1,"column":0},"end":{"line":1,"column":30}},"1":{"start":{"line":2,"column":16},"end":{"line":2,"column":32}},"2":{"start":{"line":3,"column":0},"end":{"line":3,"column":60}},"3":{"start":{"line":5,"column":0},"end":{"line":7,"column":3}},"4":{"start":{"line":6,"column":4},"end":{"line":6,"column":null}},"5":{"start":{"line":8,"column":0},"end":{"line":8,"column":60}},"6":{"start":{"line":9,"column":0},"end":{"line":9,"column":59}},"7":{"start":{"line":10,"column":0},"end":{"line":12,"column":3}},"8":{"start":{"line":11,"column":4},"end":{"line":11,"column":null}},"9":{"start":{"line":13,"column":0},"end":{"line":13,"column":70}},"10":{"start":{"line":15,"column":0},"end":{"line":15,"column":22}}},"fnMap":{"0":{"name":"(anonymous_1)","decl":{"start":{"line":5,"column":18},"end":{"line":5,"column":19}},"loc":{"start":{"line":5,"column":30},"end":{"line":7,"column":1}}},"1":{"name":"(anonymous_2)","decl":{"start":{"line":10,"column":18},"end":{"line":10,"column":19}},"loc":{"start":{"line":10,"column":30},"end":{"line":12,"column":1}}}},"branchMap":{},"s":{"0":2,"1":2,"2":2,"3":2,"4":2,"5":2,"6":2,"7":2,"8":0,"9":2,"10":2},"f":{"0":2,"1":0},"b":{}}
}
