TN:
SF:src\server.ts
FN:18,(anonymous_1)
FN:23,(anonymous_2)
FN:24,(anonymous_3)
FN:29,(anonymous_4)
FN:31,(anonymous_5)
FNF:5
FNH:4
FNDA:2,(anonymous_1)
FNDA:2,(anonymous_2)
FNDA:2,(anonymous_3)
FNDA:2,(anonymous_4)
FNDA:0,(anonymous_5)
DA:1,2
DA:2,2
DA:3,2
DA:4,2
DA:5,2
DA:6,2
DA:7,2
DA:9,2
DA:12,2
DA:13,2
DA:14,2
DA:15,2
DA:16,2
DA:17,2
DA:18,2
DA:19,2
DA:23,2
DA:24,2
DA:25,2
DA:26,0
DA:27,0
DA:29,2
DA:30,2
DA:32,0
DA:38,2
LF:25
LH:22
BRDA:25,0,0,0
BRDA:25,0,1,2
BRF:2
BRH:1
end_of_record
TN:
SF:src\controllers\base_controller.ts
FN:8,(anonymous_7)
FN:11,(anonymous_8)
FN:31,(anonymous_10)
FN:49,(anonymous_12)
FN:69,(anonymous_14)
FN:79,(anonymous_16)
FN:90,(anonymous_18)
FNF:7
FNH:6
FNDA:4,(anonymous_7)
FNDA:5,(anonymous_8)
FNDA:4,(anonymous_10)
FNDA:0,(anonymous_12)
FNDA:5,(anonymous_14)
FNDA:2,(anonymous_16)
FNDA:4,(anonymous_18)
DA:9,4
DA:12,5
DA:13,5
DA:14,5
DA:15,5
DA:16,1
DA:17,1
DA:18,1
DA:20,4
DA:21,4
DA:22,4
DA:25,0
DA:26,0
DA:32,4
DA:33,4
DA:34,4
DA:35,4
DA:36,4
DA:37,2
DA:39,2
DA:42,0
DA:43,0
DA:50,0
DA:51,0
DA:52,0
DA:53,0
DA:54,0
DA:57,0
DA:58,0
DA:60,0
DA:63,0
DA:64,0
DA:70,5
DA:71,5
DA:72,5
DA:73,3
DA:75,2
DA:80,2
DA:81,2
DA:82,2
DA:83,2
DA:84,2
DA:86,0
DA:90,2
DA:91,4
DA:93,2
LF:46
LH:31
BRDA:15,0,0,1
BRDA:15,0,1,4
BRDA:25,1,0,0
BRDA:36,2,0,2
BRDA:36,2,1,2
BRDA:42,3,0,0
BRDA:54,4,0,0
BRDA:54,4,1,0
BRDA:63,5,0,0
BRF:9
BRH:4
end_of_record
TN:
SF:src\controllers\comment_controller.ts
FNF:0
FNH:0
DA:1,2
DA:2,2
DA:3,2
DA:5,2
LF:4
LH:4
BRF:0
BRH:0
end_of_record
TN:
SF:src\controllers\post_controller.ts
FNF:0
FNH:0
DA:2,2
DA:4,2
DA:7,2
DA:9,2
LF:4
LH:4
BRF:0
BRH:0
end_of_record
TN:
SF:src\models\comment_model.ts
FNF:0
FNH:0
DA:1,2
DA:2,2
DA:9,2
DA:25,2
DA:26,2
LF:5
LH:5
BRF:0
BRH:0
end_of_record
TN:
SF:src\models\post_model.ts
FNF:0
FNH:0
DA:1,2
DA:10,2
DA:11,2
DA:24,2
DA:25,2
LF:5
LH:5
BRF:0
BRH:0
end_of_record
TN:
SF:src\routes\comment_routes.ts
FN:10,(anonymous_1)
FN:13,(anonymous_2)
FNF:2
FNH:1
FNDA:2,(anonymous_1)
FNDA:0,(anonymous_2)
DA:1,2
DA:2,2
DA:3,2
DA:5,2
DA:6,2
DA:7,2
DA:10,2
DA:11,2
DA:13,2
DA:14,0
DA:17,2
LF:11
LH:10
BRF:0
BRH:0
end_of_record
TN:
SF:src\routes\post_routes.ts
FN:5,(anonymous_1)
FN:10,(anonymous_2)
FNF:2
FNH:1
FNDA:2,(anonymous_1)
FNDA:0,(anonymous_2)
DA:1,2
DA:2,2
DA:3,2
DA:5,2
DA:6,2
DA:8,2
DA:9,2
DA:10,2
DA:11,0
DA:13,2
DA:15,2
LF:11
LH:10
BRF:0
BRH:0
end_of_record
