TN:
SF:src\server.ts
FN:21,(anonymous_1)
FN:40,(anonymous_2)
FN:41,(anonymous_3)
FN:46,(anonymous_4)
FN:48,(anonymous_5)
FNF:5
FNH:4
FNDA:1,(anonymous_1)
FNDA:1,(anonymous_2)
FNDA:1,(anonymous_3)
FNDA:1,(anonymous_4)
FNDA:0,(anonymous_5)
DA:1,1
DA:2,1
DA:3,1
DA:4,1
DA:5,1
DA:6,1
DA:7,1
DA:8,1
DA:9,1
DA:10,1
DA:11,1
DA:14,1
DA:15,1
DA:16,1
DA:17,1
DA:18,1
DA:19,1
DA:20,1
DA:21,1
DA:22,1
DA:25,1
DA:37,1
DA:38,1
DA:40,1
DA:41,1
DA:42,1
DA:43,0
DA:44,0
DA:46,1
DA:47,1
DA:49,0
DA:55,1
LF:32
LH:29
BRDA:42,0,0,0
BRDA:42,0,1,1
BRF:2
BRH:1
end_of_record
TN:
SF:src\controllers\auth_controller.ts
FN:6,(anonymous_8)
FN:6,(anonymous_9)
FN:23,(anonymous_10)
FN:41,(anonymous_11)
FN:41,(anonymous_12)
FN:81,(anonymous_13)
FN:81,(anonymous_14)
FN:91,(anonymous_15)
FN:91,(anonymous_16)
FN:109,(anonymous_17)
FN:118,(anonymous_18)
FN:118,(anonymous_19)
FN:129,(anonymous_20)
FN:129,(anonymous_21)
FN:154,(anonymous_22)
FN:171,(anonymous_23)
FN:182,(anonymous_24)
FNF:17
FNH:17
FNDA:2,(anonymous_8)
FNDA:2,(anonymous_9)
FNDA:7,(anonymous_10)
FNDA:4,(anonymous_11)
FNDA:4,(anonymous_12)
FNDA:1,(anonymous_13)
FNDA:1,(anonymous_14)
FNDA:1,(anonymous_15)
FNDA:1,(anonymous_16)
FNDA:2,(anonymous_17)
FNDA:6,(anonymous_18)
FNDA:6,(anonymous_19)
FNDA:6,(anonymous_20)
FNDA:6,(anonymous_21)
FNDA:4,(anonymous_22)
FNDA:5,(anonymous_23)
FNDA:4,(anonymous_24)
DA:2,1
DA:3,1
DA:4,1
DA:6,2
DA:7,2
DA:8,2
DA:9,2
DA:10,0
DA:11,0
DA:13,2
DA:14,2
DA:15,2
DA:16,2
DA:17,1
DA:19,1
DA:23,1
DA:24,7
DA:25,0
DA:27,7
DA:28,7
DA:33,7
DA:38,7
DA:41,4
DA:42,4
DA:43,4
DA:44,4
DA:45,0
DA:46,0
DA:48,4
DA:49,4
DA:50,4
DA:51,0
DA:52,0
DA:54,4
DA:55,4
DA:56,0
DA:57,0
DA:59,4
DA:60,4
DA:61,4
DA:62,0
DA:63,0
DA:65,4
DA:66,0
DA:68,4
DA:69,4
DA:70,4
DA:77,0
DA:81,1
DA:82,1
DA:83,1
DA:84,0
DA:85,0
DA:87,1
DA:88,0
DA:89,0
DA:91,1
DA:92,1
DA:93,0
DA:94,0
DA:96,1
DA:97,1
DA:98,1
DA:99,1
DA:100,0
DA:101,0
DA:103,1
DA:104,0
DA:105,0
DA:106,0
DA:107,0
DA:109,2
DA:110,1
DA:111,1
DA:113,0
DA:118,6
DA:120,6
DA:121,6
DA:122,0
DA:123,0
DA:125,6
DA:126,0
DA:127,0
DA:129,6
DA:130,6
DA:131,0
DA:132,0
DA:134,6
DA:135,6
DA:136,6
DA:137,6
DA:138,0
DA:139,0
DA:141,6
DA:142,3
DA:143,3
DA:144,3
DA:145,3
DA:147,3
DA:148,3
DA:149,0
DA:150,0
DA:151,0
DA:152,0
DA:154,4
DA:155,3
DA:156,3
DA:157,3
DA:162,0
DA:171,1
DA:172,5
DA:173,5
DA:174,5
DA:175,1
DA:176,1
DA:178,4
DA:179,0
DA:180,0
DA:182,4
DA:183,4
DA:184,2
DA:185,2
DA:187,2
DA:188,2
DA:189,2
DA:193,1
LF:126
LH:85
BRDA:9,0,0,0
BRDA:9,1,0,2
BRDA:9,1,1,2
BRDA:24,2,0,0
BRDA:44,3,0,0
BRDA:44,4,0,4
BRDA:44,4,1,4
BRDA:50,5,0,0
BRDA:55,6,0,0
BRDA:61,7,0,0
BRDA:65,8,0,0
BRDA:83,9,0,0
BRDA:87,10,0,0
BRDA:92,11,0,0
BRDA:99,12,0,0
BRDA:103,13,0,0
BRDA:103,14,0,1
BRDA:103,14,1,1
BRDA:121,15,0,0
BRDA:125,16,0,0
BRDA:130,17,0,0
BRDA:137,18,0,0
BRDA:141,19,0,3
BRDA:141,20,0,6
BRDA:141,20,1,6
BRDA:148,21,0,0
BRDA:173,22,0,5
BRDA:173,22,1,4
BRDA:174,23,0,1
BRDA:178,24,0,0
BRDA:183,25,0,2
BRF:31
BRH:13
end_of_record
TN:
SF:src\controllers\base_controller.ts
FN:8,(anonymous_7)
FN:11,(anonymous_8)
FN:29,(anonymous_10)
FN:47,(anonymous_12)
FN:67,(anonymous_14)
FN:77,(anonymous_16)
FN:89,(anonymous_18)
FNF:7
FNH:2
FNDA:2,(anonymous_7)
FNDA:0,(anonymous_8)
FNDA:0,(anonymous_10)
FNDA:0,(anonymous_12)
FNDA:2,(anonymous_14)
FNDA:0,(anonymous_16)
FNDA:0,(anonymous_18)
DA:9,2
DA:12,0
DA:13,0
DA:14,0
DA:15,0
DA:16,0
DA:17,0
DA:19,0
DA:20,0
DA:23,0
DA:24,0
DA:30,0
DA:31,0
DA:32,0
DA:33,0
DA:34,0
DA:35,0
DA:37,0
DA:40,0
DA:41,0
DA:48,0
DA:49,0
DA:50,0
DA:51,0
DA:52,0
DA:55,0
DA:56,0
DA:58,0
DA:61,0
DA:62,0
DA:68,2
DA:69,2
DA:70,2
DA:71,2
DA:73,0
DA:78,0
DA:79,0
DA:80,0
DA:81,0
DA:82,0
DA:84,0
DA:89,1
DA:90,0
DA:92,1
LF:44
LH:7
BRDA:14,0,0,0
BRDA:14,0,1,0
BRDA:23,1,0,0
BRDA:34,2,0,0
BRDA:34,2,1,0
BRDA:40,3,0,0
BRDA:52,4,0,0
BRDA:52,4,1,0
BRDA:61,5,0,0
BRF:9
BRH:0
end_of_record
TN:
SF:src\controllers\comment_controller.ts
FNF:0
FNH:0
DA:1,1
DA:2,1
DA:3,1
DA:5,1
LF:4
LH:4
BRF:0
BRH:0
end_of_record
TN:
SF:src\controllers\post_controller.ts
FN:9,(anonymous_8)
FN:13,(anonymous_9)
FNF:2
FNH:2
FNDA:1,(anonymous_8)
FNDA:2,(anonymous_9)
DA:2,1
DA:5,1
DA:10,1
DA:14,2
DA:15,2
DA:16,2
DA:20,2
DA:21,2
DA:23,0
DA:29,1
LF:10
LH:9
BRF:0
BRH:0
end_of_record
TN:
SF:src\models\comment_model.ts
FNF:0
FNH:0
DA:1,1
DA:2,1
DA:9,1
DA:24,1
DA:25,1
LF:5
LH:5
BRF:0
BRH:0
end_of_record
TN:
SF:src\models\post_model.ts
FNF:0
FNH:0
DA:1,1
DA:10,1
DA:11,1
DA:24,1
DA:25,1
LF:5
LH:5
BRF:0
BRH:0
end_of_record
TN:
SF:src\models\user_model.ts
FNF:0
FNH:0
DA:1,1
DA:2,1
DA:9,1
DA:23,1
DA:24,1
LF:5
LH:5
BRF:0
BRH:0
end_of_record
TN:
SF:src\routes\auth_routes.ts
FNF:0
FNH:0
DA:1,1
DA:2,1
DA:4,1
DA:66,1
DA:105,1
DA:107,1
DA:109,1
DA:111,1
LF:8
LH:8
BRF:0
BRH:0
end_of_record
TN:
SF:src\routes\comment_routes.ts
FN:11,(anonymous_1)
FN:14,(anonymous_2)
FNF:2
FNH:0
FNDA:0,(anonymous_1)
FNDA:0,(anonymous_2)
DA:1,1
DA:2,1
DA:3,1
DA:4,1
DA:6,1
DA:7,1
DA:8,1
DA:11,1
DA:12,0
DA:14,1
DA:15,0
DA:18,1
LF:12
LH:10
BRF:0
BRH:0
end_of_record
TN:
SF:src\routes\post_routes.ts
FN:49,(anonymous_1)
FN:134,(anonymous_2)
FNF:2
FNH:0
FNDA:0,(anonymous_1)
FNDA:0,(anonymous_2)
DA:1,1
DA:2,1
DA:3,1
DA:4,1
DA:49,1
DA:50,0
DA:101,1
DA:133,1
DA:134,1
DA:135,0
DA:164,1
DA:166,1
LF:12
LH:10
BRF:0
BRH:0
end_of_record
